PLINK v1.9.0-b.7.7 64-bit (22 Oct 2024)
Options in effect:
  --allow-extra-chr
  --make-bed
  --out genotype
  --vcf merged_output.vcf

Hostname: Air-de-alias.lan
Working directory: /Users/matisalias/Desktop/STOAT_CXX/data/binary
Start time: Mon Mar 24 13:31:10 2025

Random number seed: 1742819470
8192 MB RAM detected; reserving 4096 MB for main workspace.
--vcf: genotype-temporary.bed + genotype-temporary.bim + genotype-temporary.fam
written.
3199 variants loaded from .bim file.
200 people (0 males, 0 females, 200 ambiguous) loaded from .fam.
Ambiguous sex IDs written to genotype.nosex .
Using 1 thread (no multithreaded calculations invoked).
Before main variant filters, 200 founders and 0 nonfounders present.
Calculating allele frequencies... done.
Total genotyping rate is 0.383625.
3199 variants and 200 people pass filters and QC.
Note: No phenotypes present.
--make-bed to genotype.bed + genotype.bim + genotype.fam ... done.

End time: Mon Mar 24 13:31:10 2025
