PLINK v1.90b7.2 64-bit (11 Dec 2023)
Options in effect:
  --allow-extra-chr
  --make-bed
  --out ../data/new/genotype
  --vcf ../data/new/variants.vcf

Hostname: irsd0440
Working directory: /home/mbagarre/Bureau/STOAT_CXX/build
Start time: Fri Apr 11 09:51:11 2025

Random number seed: 1744357871
15769 MB RAM detected; reserving 7884 MB for main workspace.
--vcf: ../data/new/genotype-temporary.bed + ../data/new/genotype-temporary.bim
+ ../data/new/genotype-temporary.fam written.
1000 variants loaded from .bim file.
200 people (0 males, 0 females, 200 ambiguous) loaded from .fam.
Ambiguous sex IDs written to ../data/new/genotype.nosex .
Using 1 thread (no multithreaded calculations invoked).
Before main variant filters, 200 founders and 0 nonfounders present.
Calculating allele frequencies... done.
Total genotyping rate is exactly 1.
1000 variants and 200 people pass filters and QC.
Note: No phenotypes present.
--make-bed to ../data/new/genotype.bed + ../data/new/genotype.bim +
../data/new/genotype.fam ... done.

End time: Fri Apr 11 09:51:11 2025
