PLINK v1.90b7.2 64-bit (11 Dec 2023)
Options in effect:
  --allow-no-sex
  --assoc
  --bfile ../data/new/genotype
  --out ../data/new/output_gwas.tsv
  --pheno ../data/new/phenotypes.txt
  --pheno-name PHENO

Hostname: irsd0440
Working directory: /home/mbagarre/Bureau/STOAT_CXX/build
Start time: Fri Apr 11 09:51:11 2025

Random number seed: 1744357871
15769 MB RAM detected; reserving 7884 MB for main workspace.
1000 variants loaded from .bim file.
200 people (0 males, 0 females, 200 ambiguous) loaded from .fam.
Ambiguous sex IDs written to ../data/new/output_gwas.tsv.nosex .
100 phenotype values present after --pheno.
Using 1 thread (no multithreaded calculations invoked).
Before main variant filters, 200 founders and 0 nonfounders present.
Calculating allele frequencies... done.
Total genotyping rate is exactly 1.
1000 variants and 200 people pass filters and QC.
Among remaining phenotypes, 0 are cases and 100 are controls.  (100 phenotypes
are missing.)
Writing C/C --assoc report to ../data/new/output_gwas.tsv.assoc ...
done.

End time: Fri Apr 11 09:51:11 2025
